<?xml version="1.0" encoding="UTF-8"?>
<!-- Generated by org.testng.reporters.JUnitReportReporter -->
<testsuite hostname="AMT-Laptop" failures="0" tests="1" name="com.mystore.TestCases.ProductsPurchase" time="3.105" errors="0" timestamp="2023-05-23T16:11:09 IST" skipped="0">
  <testcase classname="com.mystore.TestCases.ProductsPurchase" name="AddProductToCart" time="3.105"/>
  <system-out/>
</testsuite> <!-- com.mystore.TestCases.ProductsPurchase -->
