<?xml version="1.0" encoding="UTF-8"?>
<!-- Generated by org.testng.reporters.JUnitReportReporter -->
<testsuite hostname="AMT-Laptop" failures="0" tests="1" name="com.mystore.TestCases.LoginTestcase" time="0.599" errors="0" timestamp="2023-05-23T18:53:13 IST" skipped="0">
  <testcase classname="com.mystore.TestCases.LoginTestcase" name="verifyLogin" time="0.599"/>
  <system-out/>
</testsuite> <!-- com.mystore.TestCases.LoginTestcase -->
